[LOG] System::create                           : Header version = 1.10.10. Current version = 1.10.10.
[LOG] Manager::init                            : maxchannels = 256 studioflags = 00000006 flags 00000000 extradriverdata 0000000000000000.
[LOG] SystemI::init                            : Initialize version=11010 (98815), maxchannels=256, flags=0x00020000
[LOG] SystemI::setOutputInternal               : Setting output to 'FMOD WASAPI Output'
[LOG] OutputWASAPI::init                       : Mix Format (WAVEFORMATEX): wFormatTag=0xFFFE, nChannels=2, nSamplesPerSec=48000, nAvgBytesPerSec=384000, nBlockAlign=8, wBitsPerSample=32, cbSize=22.
[LOG] OutputWASAPI::init                       : Mix Format (WAVEFORMATEXTENSIBLE): wValidBitsPerSample=32, dwChannelMask=0x00000003, SubFormat=00000003-0000-0010-8000-00AA00389B71.
[LOG] OutputWASAPI::init                       : Output buffer size: 4096 samples, latency: 0.00ms, period: 10.00ms, DSP buffer: 1024 * 4
[LOG] Thread::initThread                       : Init FMOD stream thread. Priority: 2, Stack Size: 65536, Semaphore: No, Sleep Time: 10, Looping: Yes.
[LOG] Thread::initThread                       : Init FMOD mixer thread. Priority: 3, Stack Size: 49152, Semaphore: No, Sleep Time: 0, Looping: Yes.
<<<<<<< HEAD
[LOG] AsyncManager::init                       : manager 000000005CF18B68 isAsync 0 updatePeriod 0.02
=======
[LOG] AsyncManager::init                       : manager 000000004598EDD8 isAsync 0 updatePeriod 0.02
>>>>>>> master
[LOG] AsyncManager::init                       : done
[LOG] PlaybackSystem::init                     : 
[LOG] Thread::initThread                       : Init FMOD Studio sample load thread. Priority: 0, Stack Size: 65536, Semaphore: No, Sleep Time: 1, Looping: No.
[LOG] PlaybackSystem::init                     : done
[LOG] Thread::initThread                       : Init FMOD Studio bank load thread. Priority: 0, Stack Size: 65536, Semaphore: No, Sleep Time: 1, Looping: No.
[LOG] Manager::init                            : done.
[LOG] Manager::readBank                        : fileversion = 100, compatVersion = 99 (oldest = 44, newest = 103)
[LOG] SystemI::createSound                     : filename = Assets\FMOD project\project\Build\Desktop/Master Bank.bank : mode 02010082
[LOG] SystemI::createSound                     : FMOD_NONBLOCKING specified.  Putting into queue to be opened asynchronously!
[LOG] Thread::initThread                       : Init FMOD nonblocking thread (0). Priority: 1, Stack Size: 81920, Semaphore: Yes, Sleep Time: 0, Looping: Yes.
[LOG] SystemI::createSound                     : setdata soundi = 000000004A443E08 : node = 0000000044DBBDE0
[LOG] SystemI::createSound                     : add node to async list : head = 0000000044DBACA8.  list count = 0
[LOG] AsyncThread::threadFunc                  : Starting Asynchronous operation on sound 000000004A443E08
[LOG] SystemI::createSoundInternal             :     Create name='Assets\FMOD project\project\Build\Desktop/Master Bank.bank', mode=0x02010082
[LOG] SystemI::createSoundInternal             :     exinfo->cbsize             = 232
[LOG] SystemI::createSoundInternal             :     exinfo->length             = 1961856
[LOG] SystemI::createSoundInternal             :     exinfo->fileoffset         = 56352
[LOG] SystemI::createSoundInternal             :     exinfo->numsubsounds       = 1
[LOG] SystemI::createSoundInternal             :     exinfo->inclusionlist      = 0000000044DBBEF8
[LOG] SystemI::createSoundInternal             :     exinfo->inclusionlistnum   = 1
[LOG] SystemI::createSoundInternal             :     exinfo->suggestedsoundtype = 5
[LOG] SystemI::createSoundInternal             :     exinfo->initialseekpostype = 1
[LOG] SystemI::createSoundInternal             :     Stream 0/1: name='systeme', format=2, channels=2, frequency=48000, lengthbytes=695840, lengthpcm=3538442, pcmblocksize=0, loopstart=0, loopend=0, mode=0x00000000, channelmask=0x00000000, channelorder=0, peakvolume=0.140228.
[LOG] SystemI::createSoundInternal             :     Create name='', mode=0x02000202
[LOG] SystemI::createSoundInternal             :     exinfo->cbsize             = 232
[LOG] SystemI::createSoundInternal             :     exinfo->length             = 1961856
[LOG] SystemI::createSoundInternal             :     exinfo->fileoffset         = 56352
[LOG] SystemI::createSoundInternal             :     exinfo->numsubsounds       = 1
[LOG] SystemI::createSoundInternal             :     exinfo->inclusionlist      = 0000000063DFF5FC
[LOG] SystemI::createSoundInternal             :     exinfo->inclusionlistnum   = 1
[LOG] SystemI::createSoundInternal             :     exinfo->suggestedsoundtype = 5
[LOG] SystemI::createSoundInternal             :     exinfo->useropen           = 00007FFA35661100
[LOG] SystemI::createSoundInternal             :     exinfo->userclose          = 00007FFA356610D0
[LOG] SystemI::createSoundInternal             :     exinfo->userread           = 00007FFA356611D0
[LOG] SystemI::createSoundInternal             :     exinfo->userseek           = 00007FFA35661290
[LOG] SystemI::createSoundInternal             :     exinfo->fileuserdata       = 000000000B841508
[LOG] SystemI::createSoundInternal             :     exinfo->initialseekpostype = 1
[LOG] SystemI::DSPCodecPoolRegister            :     register codec pool for pool type 5
[LOG] SystemI::createSoundInternal             :     Sample 0/1: name='fuelFuite', format=2, channels=2, frequency=48000, lengthbytes=38112, lengthpcm=164397, pcmblocksize=0, loopstart=0, loopend=0, mode=0x00000000, channelmask=0x00000000, channelorder=0, peakvolume=0.147705.
[LOG] SystemI::createSoundInternal             :     Create name='', mode=0x02000202
[LOG] SystemI::createSoundInternal             :     exinfo->cbsize             = 232
[LOG] SystemI::createSoundInternal             :     exinfo->length             = 1961856
[LOG] SystemI::createSoundInternal             :     exinfo->fileoffset         = 56352
[LOG] SystemI::createSoundInternal             :     exinfo->numsubsounds       = 1
[LOG] SystemI::createSoundInternal             :     exinfo->inclusionlist      = 0000000063DFF5FC
[LOG] SystemI::createSoundInternal             :     exinfo->inclusionlistnum   = 1
[LOG] SystemI::createSoundInternal             :     exinfo->suggestedsoundtype = 5
[LOG] SystemI::createSoundInternal             :     exinfo->useropen           = 00007FFA35661100
[LOG] SystemI::createSoundInternal             :     exinfo->userclose          = 00007FFA356610D0
[LOG] SystemI::createSoundInternal             :     exinfo->userread           = 00007FFA356611D0
[LOG] SystemI::createSoundInternal             :     exinfo->userseek           = 00007FFA35661290
[LOG] SystemI::createSoundInternal             :     exinfo->fileuserdata       = 000000000B841508
[LOG] SystemI::createSoundInternal             :     exinfo->initialseekpostype = 1
[LOG] SystemI::DSPCodecPoolRegister            :     register codec pool for pool type 5
[LOG] SystemI::createSoundInternal             :     Sample 0/1: name='Bruit de clefs', format=2, channels=2, frequency=48000, lengthbytes=6272, lengthpcm=26749, pcmblocksize=0, loopstart=0, loopend=0, mode=0x00000000, channelmask=0x00000000, channelorder=0, peakvolume=0.353516.
[LOG] SystemI::createSoundInternal             :     Create name='', mode=0x02000202
[LOG] SystemI::createSoundInternal             :     exinfo->cbsize             = 232
[LOG] SystemI::createSoundInternal             :     exinfo->length             = 1961856
[LOG] SystemI::createSoundInternal             :     exinfo->fileoffset         = 56352
[LOG] SystemI::createSoundInternal             :     exinfo->numsubsounds       = 1
[LOG] SystemI::createSoundInternal             :     exinfo->inclusionlist      = 0000000063DFF5FC
[LOG] SystemI::createSoundInternal             :     exinfo->inclusionlistnum   = 1
[LOG] SystemI::createSoundInternal             :     exinfo->suggestedsoundtype = 5
[LOG] Thread::initThread                       :     Init FMOD file thread. Priority: 1, Stack Size: 16384, Semaphore: No, Sleep Time: 10, Looping: Yes.
[LOG] SystemI::createSoundInternal             :     exinfo->useropen           = 00007FFA35661100
[LOG] SystemI::createSoundInternal             :     exinfo->userclose          = 00007FFA356610D0
[LOG] SystemI::createSoundInternal             :     exinfo->userread           = 00007FFA356611D0
[LOG] SystemI::createSoundInternal             :     exinfo->userseek           = 00007FFA35661290
[LOG] SystemI::createSoundInternal             :     exinfo->fileuserdata       = 000000000B841508
[LOG] SystemI::createSoundInternal             :     exinfo->initialseekpostype = 1
[LOG] SystemI::DSPCodecPoolRegister            :     register codec pool for pool type 5
[LOG] SystemI::createSoundInternal             :     Sample 0/1: name='oxyFuite', format=2, channels=2, frequency=48000, lengthbytes=44480, lengthpcm=214273, pcmblocksize=0, loopstart=0, loopend=0, mode=0x00000000, channelmask=0x00000000, channelorder=0, peakvolume=0.201538.
[LOG] AsyncThread::threadFunc                  : Finished Asynchronous operation on sound 000000004A443E08
[LOG] SoundI::getSubSound                      : sound 000000004A443E08.  Subsound index 0 / 1
[LOG] SystemI::createSound                     : filename = Assets\FMOD project\project\Build\Desktop/Master Bank.bank : mode 02010082
[LOG] SystemI::createSound                     : FMOD_NONBLOCKING specified.  Putting into queue to be opened asynchronously!
[LOG] SystemI::createSound                     : setdata soundi = 000000004A445098 : node = 0000000044DBBB40
[LOG] SystemI::createSound                     : add node to async list : head = 0000000044DBACA8.  list count = 0
[LOG] AsyncThread::threadFunc                  : Starting Asynchronous operation on sound 000000004A445098
[LOG] SystemI::createSoundInternal             :     Create name='Assets\FMOD project\project\Build\Desktop/Master Bank.bank', mode=0x02010082
[LOG] SystemI::createSoundInternal             :     exinfo->cbsize             = 232
[LOG] SystemI::createSoundInternal             :     exinfo->length             = 1961856
[LOG] SystemI::createSoundInternal             :     exinfo->fileoffset         = 56352
[LOG] SystemI::createSoundInternal             :     exinfo->numsubsounds       = 1
[LOG] SystemI::createSoundInternal             :     exinfo->inclusionlist      = 0000000044DBBC58
[LOG] SystemI::createSoundInternal             :     exinfo->inclusionlistnum   = 1
[LOG] SystemI::createSoundInternal             :     exinfo->suggestedsoundtype = 5
[LOG] SystemI::createSoundInternal             :     exinfo->initialseekpostype = 1
[LOG] SystemI::createSoundInternal             :     Stream 0/1: name='deplacementt vaisseau', format=2, channels=1, frequency=48000, lengthbytes=193056, lengthpcm=1441959, pcmblocksize=0, loopstart=0, loopend=0, mode=0x00000000, channelmask=0x00000000, channelorder=0, peakvolume=0.112946.
[LOG] AsyncThread::threadFunc                  : Finished Asynchronous operation on sound 000000004A445098
[LOG] SoundI::getSubSound                      : sound 000000004A445098.  Subsound index 0 / 1
[LOG] SoundI::release                          : deplacementt vaisseau (000000004A445098)
[LOG] SoundI::release                          :     deplacementt vaisseau (0000000044DBB518)
[LOG] SoundI::release                          :     deplacementt vaisseau (000000004A4438F8)
[LOG] Manager::readBank                        : fileversion = 100, compatVersion = 99 (oldest = 44, newest = 103)
[LOG] SoundI::release                          : systeme (000000004A443E08)
[LOG] SoundI::release                          :     systeme (0000000044DBA818)
[LOG] SoundI::release                          :     systeme (000000004A444678)
[LOG] Manager::readBank                        : fileversion = 100, compatVersion = 99 (oldest = 44, newest = 103)
[LOG] Manager::readBank                        : fileversion = 100, compatVersion = 99 (oldest = 44, newest = 103)
[LOG] SoundI::release                          :  (000000004AADA438)
[LOG] SoundI::release                          :     ScanRepare (0000000045A2B758)
[LOG] SoundI::release                          :  (0000000045767E88)
[LOG] SoundI::release                          :     fuelFuite (0000000044DBA4D8)
[LOG] SoundI::release                          :  (0000000045767FF8)
[LOG] SoundI::release                          :     oxyFuite (0000000044DBA678)
[LOG] SoundI::release                          :  (000000004AADAB68)
[LOG] SoundI::release                          :     FuelRepare (0000000045A2B0D8)
[LOG] SoundI::release                          :  (0000000045767758)
[LOG] SoundI::release                          :     Bruit de clefs (0000000044DBA198)
[LOG] Thread::callback                         : FMOD Studio update thread finished.
[LOG] Thread::callback                         : FMOD Studio bank load thread finished.
[LOG] Profile::disconnectAll                   : Profiler disconnecting all clients
[LOG] Thread::callback                         : FMOD Studio sample load thread finished.
[LOG] LiveUpdate::release                      : 
[LOG] LiveUpdate::reset                        : Reset connection (reason Disconnected)
[LOG] Thread::callback                         : FMOD stream thread finished.
[LOG] Thread::callback                         : FMOD mixer thread finished.
[LOG] Profile::disconnectAll                   : Profiler disconnecting all clients
[LOG] SystemI::close                           : Closed.
[LOG] Manager::readBank                        : fileversion = 100, compatVersion = 99 (oldest = 44, newest = 103)
[LOG] Manager::readBank                        : fileversion = 100, compatVersion = 99 (oldest = 44, newest = 103)
[LOG] PlaybackSystem::acquireMasterBus         : Setting master channel group format to 6
<<<<<<< HEAD
[LOG] SoundI::release                          :  (0000000022F6DCB8)
[LOG] SoundI::release                          :     ScanRepare (000000005CFAEBA8)
[LOG] SoundI::release                          :  (000000004C40E5D8)
[LOG] SoundI::release                          :     obt1 (000000004C1B9E18)
[LOG] SoundI::release                          :  (000000004C40D8E8)
[LOG] SoundI::release                          :     obt10 (000000005CFAC648)
[LOG] SoundI::release                          :  (000000004C40CD68)
[LOG] SoundI::release                          :     obt11 (000000004C1B95F8)
[LOG] SoundI::release                          :  (000000004C410578)
[LOG] SoundI::release                          :     obt12 (000000004C1B8A98)
[LOG] SoundI::release                          :  (000000004C40F5A8)
[LOG] SoundI::release                          :     obt13 (000000004C1B88F8)
[LOG] SoundI::release                          :  (000000004C410408)
[LOG] SoundI::release                          :     obt14 (000000004C1BA2F8)
[LOG] SoundI::release                          :  (000000004C40FCD8)
[LOG] SoundI::release                          :     obt15 (000000005CFAADE8)
[LOG] SoundI::release                          :  (000000004C40DA58)
[LOG] SoundI::release                          :     obt2 (000000005CFAB468)
[LOG] SoundI::release                          :  (000000004C40CED8)
[LOG] SoundI::release                          :     obt3 (000000005CFAB608)
[LOG] SoundI::release                          :  (000000004C410128)
[LOG] SoundI::release                          :     obt4 (000000004C1B8C38)
[LOG] SoundI::release                          :  (000000004C40ED08)
[LOG] SoundI::release                          :     obt5 (000000005CFACE68)
[LOG] SoundI::release                          :  (000000004C410858)
[LOG] SoundI::release                          :     obt6 (000000005CFAB7A8)
[LOG] SoundI::release                          :  (000000004C40DEA8)
[LOG] SoundI::release                          :     obt7 (000000005CFAE6C8)
[LOG] SoundI::release                          :  (000000004C40E188)
[LOG] SoundI::release                          :     obt8 (000000004C1B9458)
[LOG] SoundI::release                          :  (000000004C40DBC8)
[LOG] SoundI::release                          :     obt9 (000000004BFC5CA8)
[LOG] SoundI::release                          :  (000000004C40F718)
[LOG] SoundI::release                          :     fuelFuite (000000005CFAEA08)
[LOG] SoundI::release                          :  (000000004C40D048)
[LOG] SoundI::release                          :     pose1 (000000005CFAB128)
[LOG] SoundI::release                          :  (000000004C40F158)
[LOG] SoundI::release                          :     pose2 (000000004C1B9798)
[LOG] SoundI::release                          :  (000000004C40EE78)
[LOG] SoundI::release                          :     pose3 (000000004C1B8758)
[LOG] SoundI::release                          :  (000000004C40CBF8)
[LOG] SoundI::release                          :     pose4 (000000004C1B9118)
[LOG] SoundI::release                          :  (000000004C40FE48)
[LOG] SoundI::release                          :     pose5 (000000005CFAE528)
[LOG] SoundI::release                          :  (000000004C40D608)
[LOG] SoundI::release                          :     Planet partie 3 (000000004C1B92B8)
[LOG] SoundI::release                          :  (000000004C40EA28)
[LOG] SoundI::release                          :     Bruit de clefs (000000005CFAC168)
[LOG] SoundI::release                          :  (000000004C40FFB8)
[LOG] SoundI::release                          :     foot1 (000000005CFAB2C8)
[LOG] SoundI::release                          :  (000000004C40EFE8)
[LOG] SoundI::release                          :     foot10 (000000004C1B8DD8)
[LOG] SoundI::release                          :  (000000004C40F9F8)
[LOG] SoundI::release                          :     foot11 (000000005CFADD08)
[LOG] SoundI::release                          :  (000000004C410298)
[LOG] SoundI::release                          :     foot12 (000000004C1BA498)
[LOG] SoundI::release                          :  (000000004C40F888)
[LOG] SoundI::release                          :     foot13 (000000005CFADB68)
[LOG] SoundI::release                          :  (000000004C40E748)
[LOG] SoundI::release                          :     foot2 (000000005CFACB28)
[LOG] SoundI::release                          :  (000000004C4109C8)
[LOG] SoundI::release                          :     foot3 (000000004C1B9FB8)
[LOG] SoundI::release                          :  (000000004C40E018)
[LOG] SoundI::release                          :     foot4 (000000004C1BA158)
[LOG] SoundI::release                          :  (000000004C40F2C8)
[LOG] SoundI::release                          :     foot5 (000000004BFC5FE8)
[LOG] SoundI::release                          :  (000000004C40D498)
[LOG] SoundI::release                          :     foot6 (000000004C1B9938)
[LOG] SoundI::release                          :  (000000004C40E8B8)
[LOG] SoundI::release                          :     foot7 (000000004C1B9C78)
[LOG] SoundI::release                          :  (000000004C40EB98)
[LOG] SoundI::release                          :     foot8 (000000005CFAE868)
[LOG] SoundI::release                          :  (000000004C40DD38)
[LOG] SoundI::release                          :     foot9 (000000005CFADEA8)
[LOG] SoundI::release                          :  (000000004C40FB68)
[LOG] SoundI::release                          :     saut (000000005CFAE048)
[LOG] SoundI::release                          :  (000000004C40D778)
[LOG] SoundI::release                          :     Tassecafe (000000005CFAC4A8)
[LOG] SoundI::release                          :  (000000004C4106E8)
[LOG] SoundI::release                          :     Tassecafe2 (000000004C1B8F78)
[LOG] SoundI::release                          :  (000000004C40D1B8)
[LOG] SoundI::release                          :     Tassecafe3 (000000005CFACCC8)
[LOG] SoundI::release                          :  (000000004C40F438)
[LOG] SoundI::release                          :     Tassecafe4 (000000005CFAE1E8)
[LOG] SoundI::release                          :  (000000004C40D328)
[LOG] SoundI::release                          :     oxyFuite (000000005CFAAF88)
[LOG] SoundI::release                          :  (000000004C40E468)
[LOG] SoundI::release                          :     FuelRepare (000000005CFAE388)
[LOG] Thread::callback                         : FMOD Studio update thread finished.
[LOG] Thread::callback                         : FMOD Studio bank load thread finished.
[LOG] Profile::disconnectAll                   : Profiler disconnecting all clients
[LOG] Thread::callback                         : FMOD Studio sample load thread finished.
[LOG] LiveUpdate::release                      : 
[LOG] LiveUpdate::reset                        : Reset connection (reason Disconnected)
[LOG] Thread::callback                         : FMOD stream thread finished.
[LOG] Thread::callback                         : FMOD mixer thread finished.
[LOG] Profile::disconnectAll                   : Profiler disconnecting all clients
[LOG] SystemI::close                           : Closed.
=======
>>>>>>> master
[LOG] Thread::callback                         : FMOD Studio bank load thread finished.
[LOG] Thread::callback                         : FMOD Studio sample load thread finished.
[LOG] LiveUpdate::release                      : 
[LOG] LiveUpdate::reset                        : Reset connection (reason Disconnected)
[LOG] Thread::callback                         : FMOD stream thread finished.
[LOG] Thread::callback                         : FMOD mixer thread finished.
[LOG] Thread::callback                         : FMOD nonblocking thread (0) finished.
[LOG] Thread::callback                         : FMOD file thread finished.
[LOG] SystemI::close                           : Closed.
